Arguments: 
  /usr/bin/node /usr/bin/yarn add typescript @node/types axios

PATH: 
  /home/katrina/.local/bin:/home/katrina/bin:/usr/local/bin:/home/katrina/.cargo/bin:/usr/local/bin:/usr/bin:/bin:/usr/local/sbin:/opt/cuda/bin:/opt/cuda/nsight_compute:/opt/cuda/nsight_systems/bin:/home/katrina/.dotnet/tools:/usr/lib/jvm/default/bin:/usr/bin/site_perl:/usr/bin/vendor_perl:/usr/bin/core_perl:/home/katrina/.dotnet/tools

Yarn version: 
  1.22.19

Node version: 
  18.7.0

Platform: 
  linux x64

Trace: 
  Error: https://registry.yarnpkg.com/@node%2ftypes: Not found
      at params.callback [as _callback] (/usr/lib/node_modules/yarn/lib/cli.js:66145:18)
      at self.callback (/usr/lib/node_modules/yarn/lib/cli.js:140890:22)
      at Request.emit (node:events:513:28)
      at Request.<anonymous> (/usr/lib/node_modules/yarn/lib/cli.js:141862:10)
      at Request.emit (node:events:513:28)
      at IncomingMessage.<anonymous> (/usr/lib/node_modules/yarn/lib/cli.js:141784:12)
      at Object.onceWrapper (node:events:627:28)
      at IncomingMessage.emit (node:events:525:35)
      at endReadableNT (node:internal/streams/readable:1359:12)
      at process.processTicksAndRejections (node:internal/process/task_queues:82:21)

npm manifest: 
  {
    "name": "intercalate",
    "version": "1.0.0",
    "description": "this rite recalls the Sun's abominable fate. it is used in desparate times by foolish adepts",
    "main": "index.js",
    "repository": "https://github.com/KatTheFox/intercalate",
    "author": "KatTheFox",
    "license": "GPLv3",
    "private": false
  }

yarn manifest: 
  No manifest

Lockfile: 
  No lockfile
